<?xml version="1.0" encoding="UTF-8"?>
<robot generator="Robot 7.4.1 (Python 3.13.5 on win32)" generated="2026-03-06T11:25:37.367155" rpa="false" schemaversion="5">
<suite id="s1" name="Testing robot framework" source="C:\Users\KeseruFruzsina\Documents\Testing_robot_framework">
<suite id="s1-s1" name="CheckValidation" source="C:\Users\KeseruFruzsina\Documents\Testing_robot_framework\CheckValidation.robot">
<test id="s1-s1-t1" name="Success checkout" line="91">
<kw name="Success Login" owner="Login_Keyword">
<kw name="Open Browser" owner="SeleniumLibrary">
<msg time="2026-03-06T11:25:37.533464" level="INFO">Opening browser 'chrome' to base url 'https://www.saucedemo.com/'.</msg>
<arg>https://www.saucedemo.com/</arg>
<arg>chrome</arg>
<doc>Opens a new browser instance to the optional ``url``.</doc>
<status status="PASS" start="2026-03-06T11:25:37.533210" elapsed="0.921008"/>
</kw>
<kw name="Input Text" owner="SeleniumLibrary">
<msg time="2026-03-06T11:25:38.454799" level="INFO">Typing text 'standard_user' into text field 'id=user-name'.</msg>
<arg>id=user-name</arg>
<arg>standard_user</arg>
<doc>Types the given ``text`` into the text field identified by ``locator``.</doc>
<status status="PASS" start="2026-03-06T11:25:38.454431" elapsed="0.069288"/>
</kw>
<kw name="Input Password" owner="SeleniumLibrary">
<msg time="2026-03-06T11:25:38.524178" level="INFO">Typing password into text field 'id=password'.</msg>
<msg time="2026-03-06T11:25:38.541456" level="INFO">Temporally setting log level to: NONE</msg>
<arg>id=password</arg>
<arg>secret_sauce</arg>
<doc>Types the given password into the text field identified by ``locator``.</doc>
<status status="PASS" start="2026-03-06T11:25:38.523913" elapsed="0.045989"/>
</kw>
<kw name="Click Element" owner="SeleniumLibrary">
<msg time="2026-03-06T11:25:38.570325" level="INFO">Clicking element '//*[@id="login-button"]'.</msg>
<arg>//*[@id="login-button"]</arg>
<doc>Click the element identified by ``locator``.</doc>
<status status="PASS" start="2026-03-06T11:25:38.570078" elapsed="0.058087"/>
</kw>
<kw name="Page Should Contain Element" owner="SeleniumLibrary">
<msg time="2026-03-06T11:25:38.637933" level="INFO">Current page contains element '//*[@id="shopping_cart_container"]/a'.</msg>
<arg>//*[@id="shopping_cart_container"]/a</arg>
<doc>Verifies that element ``locator`` is found on the current page.</doc>
<status status="PASS" start="2026-03-06T11:25:38.628343" elapsed="0.009805"/>
</kw>
<kw name="Sleep" owner="BuiltIn">
<msg time="2026-03-06T11:25:41.639624" level="INFO">Slept 3 seconds.</msg>
<arg>3s</arg>
<doc>Pauses the test executed for the given time.</doc>
<status status="PASS" start="2026-03-06T11:25:38.638302" elapsed="3.002439"/>
</kw>
<status status="PASS" start="2026-03-06T11:25:37.532483" elapsed="4.109327"/>
</kw>
<kw name="Click Element" owner="SeleniumLibrary">
<msg time="2026-03-06T11:25:41.644710" level="INFO">Clicking element '//*[@id="shopping_cart_container"]/a'.</msg>
<arg>//*[@id="shopping_cart_container"]/a</arg>
<doc>Click the element identified by ``locator``.</doc>
<status status="PASS" start="2026-03-06T11:25:41.643559" elapsed="0.045201"/>
</kw>
<kw name="Page Should Contain Element" owner="SeleniumLibrary">
<msg time="2026-03-06T11:25:41.692786" level="INFO">Current page contains element '//*[@id="shopping_cart_container"]/a'.</msg>
<arg>//*[@id="shopping_cart_container"]/a</arg>
<doc>Verifies that element ``locator`` is found on the current page.</doc>
<status status="PASS" start="2026-03-06T11:25:41.689075" elapsed="0.003953"/>
</kw>
<kw name="Click Element" owner="SeleniumLibrary">
<msg time="2026-03-06T11:25:41.693441" level="INFO">Clicking element 'id=checkout'.</msg>
<arg>id=checkout</arg>
<doc>Click the element identified by ``locator``.</doc>
<status status="PASS" start="2026-03-06T11:25:41.693224" elapsed="0.037907"/>
</kw>
<kw name="Page Should Contain Element" owner="SeleniumLibrary">
<msg time="2026-03-06T11:25:41.735266" level="INFO">Current page contains element '//*[@id="shopping_cart_container"]/a'.</msg>
<arg>//*[@id="shopping_cart_container"]/a</arg>
<doc>Verifies that element ``locator`` is found on the current page.</doc>
<status status="PASS" start="2026-03-06T11:25:41.731425" elapsed="0.004131"/>
</kw>
<kw name="Input Text" owner="SeleniumLibrary">
<msg time="2026-03-06T11:25:41.736099" level="INFO">Typing text 'Hát' into text field 'id=first-name'.</msg>
<arg>id=first-name</arg>
<arg>Hát</arg>
<doc>Types the given ``text`` into the text field identified by ``locator``.</doc>
<status status="PASS" start="2026-03-06T11:25:41.735824" elapsed="0.039650"/>
</kw>
<kw name="Input Text" owner="SeleniumLibrary">
<msg time="2026-03-06T11:25:41.776033" level="INFO">Typing text 'Izsák' into text field 'id=last-name'.</msg>
<arg>id=last-name</arg>
<arg>Izsák</arg>
<doc>Types the given ``text`` into the text field identified by ``locator``.</doc>
<status status="PASS" start="2026-03-06T11:25:41.775755" elapsed="0.039647"/>
</kw>
<kw name="Input Text" owner="SeleniumLibrary">
<msg time="2026-03-06T11:25:41.815936" level="INFO">Typing text '6100' into text field 'id=postal-code'.</msg>
<arg>id=postal-code</arg>
<arg>6100</arg>
<doc>Types the given ``text`` into the text field identified by ``locator``.</doc>
<status status="PASS" start="2026-03-06T11:25:41.815665" elapsed="0.038430"/>
</kw>
<kw name="Click Element" owner="SeleniumLibrary">
<msg time="2026-03-06T11:25:41.854602" level="INFO">Clicking element 'id=continue'.</msg>
<arg>id=continue</arg>
<doc>Click the element identified by ``locator``.</doc>
<status status="PASS" start="2026-03-06T11:25:41.854352" elapsed="0.037506"/>
</kw>
<kw name="Page Should Contain Element" owner="SeleniumLibrary">
<msg time="2026-03-06T11:25:41.896043" level="INFO">Current page contains element '//*[@id="shopping_cart_container"]/a'.</msg>
<arg>//*[@id="shopping_cart_container"]/a</arg>
<doc>Verifies that element ``locator`` is found on the current page.</doc>
<status status="PASS" start="2026-03-06T11:25:41.892249" elapsed="0.004090"/>
</kw>
<kw name="Click Element" owner="SeleniumLibrary">
<msg time="2026-03-06T11:25:41.896872" level="INFO">Clicking element '//*[@id="finish"]'.</msg>
<arg>//*[@id="finish"]</arg>
<doc>Click the element identified by ``locator``.</doc>
<status status="PASS" start="2026-03-06T11:25:41.896596" elapsed="0.034620"/>
</kw>
<kw name="Sleep" owner="BuiltIn">
<msg time="2026-03-06T11:25:44.932475" level="INFO">Slept 3 seconds.</msg>
<arg>3s</arg>
<doc>Pauses the test executed for the given time.</doc>
<status status="PASS" start="2026-03-06T11:25:41.931528" elapsed="3.001409"/>
</kw>
<kw name="Close Browser" owner="SeleniumLibrary">
<doc>Closes the current browser.</doc>
<status status="PASS" start="2026-03-06T11:25:44.933819" elapsed="2.099227"/>
</kw>
<status status="PASS" start="2026-03-06T11:25:37.530093" elapsed="9.504566"/>
</test>
<status status="PASS" start="2026-03-06T11:25:37.392042" elapsed="9.650860"/>
</suite>
<status status="PASS" start="2026-03-06T11:25:37.370399" elapsed="9.678194"/>
</suite>
<statistics>
<total>
<stat pass="1" fail="0" skip="0">All Tests</stat>
</total>
<tag>
</tag>
<suite>
<stat name="Testing robot framework" id="s1" pass="1" fail="0" skip="0">Testing robot framework</stat>
<stat name="CheckValidation" id="s1-s1" pass="1" fail="0" skip="0">Testing robot framework.CheckValidation</stat>
</suite>
</statistics>
<errors>
</errors>
</robot>
